<?xml version="1.0" encoding="UTF-8"?>
<testsuite xmlns:xsi="http://www.w3.org/2001/XMLSchema-instance" xsi:noNamespaceSchemaLocation="https://maven.apache.org/surefire/maven-surefire-plugin/xsd/surefire-test-report.xsd" version="3.0.2" name="com.subhamoy.configparser.ConfigparserApplicationTests" time="4.539" tests="1" errors="0" skipped="0" failures="0">
  <properties>
[...]
</properties>
  <testcase name="contextLoads" classname="com.subhamoy.configparser.ConfigparserApplicationTests" time="1.166">
    <system-out><![CDATA[23:01:08.623 [main] INFO org.springframework.test.context.support.AnnotationConfigContextLoaderUtils -- Could not detect default configuration classes for test class [com.subhamoy.configparser.ConfigparserApplicationTests]: ConfigparserApplicationTests does not declare any static, non-private, non-final, nested classes annotated with @Configuration.
23:01:08.815 [main] INFO org.springframework.boot.test.context.SpringBootTestContextBootstrapper -- Found @SpringBootConfiguration com.subhamoy.configparser.ConfigParserApplication for test class com.subhamoy.configparser.ConfigparserApplicationTests
23:01:09.124 [main] INFO org.springframework.boot.devtools.restart.RestartApplicationListener -- Restart disabled due to context in which it is running

  .   ____          _            __ _ _
 /\\ / ___'_ __ _ _(_)_ __  __ _ \ \ \ \
( ( )\___ | '_ | '_| | '_ \/ _` | \ \ \ \
 \\/  ___)| |_)| | | | | || (_| |  ) ) ) )
  '  |____| .__|_| |_|_| |_\__, | / / / /
 =========|_|==============|___/=/_/_/_/

 :: Spring Boot ::                (v4.0.1)

2026-01-07T23:01:09.652+05:30  INFO 28408 --- [ConfigParserApp] [           main] c.s.c.ConfigparserApplicationTests       : Starting ConfigparserApplicationTests using Java 21.0.5 with PID 28408 (started by Subhamoy Maity in D:\Programing\configparser)
2026-01-07T23:01:09.656+05:30  INFO 28408 --- [ConfigParserApp] [           main] c.s.c.ConfigparserApplicationTests       : No active profile set, falling back to 1 default profile: "default"
2026-01-07T23:01:11.555+05:30  INFO 28408 --- [ConfigParserApp] [           main] c.s.c.ConfigparserApplicationTests       : Started ConfigparserApplicationTests in 2.454 seconds (process running for 4.738)
]]></system-out>
    <system-err><![CDATA[Mockito is currently self-attaching to enable the inline-mock-maker. This will no longer work in future releases of the JDK. Please add Mockito as an agent to your build as described in Mockito's documentation: https://javadoc.io/doc/org.mockito/mockito-core/latest/org.mockito/org/mockito/Mockito.html#0.3
WARNING: A Java agent has been loaded dynamically (C:\Users\Subhamoy Maity\.m2\repository\net\bytebuddy\byte-buddy-agent\1.17.8\byte-buddy-agent-1.17.8.jar)
WARNING: If a serviceability tool is in use, please run with -XX:+EnableDynamicAgentLoading to hide this warning
WARNING: If a serviceability tool is not in use, please run with -Djdk.instrument.traceUsage for more information
WARNING: Dynamic loading of agents will be disallowed by default in a future release
]]></system-err>
  </testcase>
</testsuite>